app/build/intermediates/manifest_merge_blame_file/debug/manifest-merger-blame-debug-report.txt
1<?xml version="1.0" encoding="utf-8"?>
2<manifest xmlns:android="http://schemas.android.com/apk/res/android"
3    package="com.socialmediaapp"
4    android:versionCode="1"
5    android:versionName="1.0" >
6
7    <uses-sdk
8        android:minSdkVersion="23"
8-->src\main\AndroidManifest.xml
9        android:targetSdkVersion="33" />
9-->src\main\AndroidManifest.xml
10
11    <uses-permission android:name="android.permission.INTERNET" />
11-->src\main\AndroidManifest.xml:5:5-67
11-->src\main\AndroidManifest.xml:5:22-64
12    <uses-permission android:name="android.permission.ACCESS_NETWORK_STATE" />
12-->src\main\AndroidManifest.xml:6:5-79
12-->src\main\AndroidManifest.xml:6:22-76
13    <uses-permission android:name="android.permission.READ_MEDIA_IMAGES" />
13-->src\main\AndroidManifest.xml:7:5-76
13-->src\main\AndroidManifest.xml:7:22-73
14    <uses-permission android:name="android.permission.READ_MEDIA_AUDIO" />
14-->src\main\AndroidManifest.xml:8:5-75
14-->src\main\AndroidManifest.xml:8:22-72
15    <uses-permission android:name="android.permission.READ_MEDIA_VIDEO" />
15-->src\main\AndroidManifest.xml:9:5-75
15-->src\main\AndroidManifest.xml:9:22-72
16    <uses-permission android:name="android.permission.READ_EXTERNAL_STORAGE" />
16-->src\main\AndroidManifest.xml:10:5-80
16-->src\main\AndroidManifest.xml:10:22-77
17    <uses-permission android:name="android.permission.WRITE_EXTERNAL_STORAGE" />
17-->src\main\AndroidManifest.xml:11:5-13:40
17-->src\main\AndroidManifest.xml:12:9-65
18
19    <permission
19-->[androidx.core:core:1.9.0] AndroidManifest.xml:22:5-24:47
20        android:name="com.socialmediaapp.DYNAMIC_RECEIVER_NOT_EXPORTED_PERMISSION"
20-->[androidx.core:core:1.9.0] AndroidManifest.xml:23:9-81
21        android:protectionLevel="signature" />
21-->[androidx.core:core:1.9.0] AndroidManifest.xml:24:9-44
22
23    <uses-permission android:name="com.socialmediaapp.DYNAMIC_RECEIVER_NOT_EXPORTED_PERMISSION" />
23-->[androidx.core:core:1.9.0] AndroidManifest.xml:26:5-97
23-->[androidx.core:core:1.9.0] AndroidManifest.xml:26:22-94
24
25    <application
25-->src\main\AndroidManifest.xml:15:5-48:19
26        android:name="com.socialmediaapp.DI.HiltApplication"
26-->src\main\AndroidManifest.xml:16:9-43
27        android:allowBackup="true"
27-->src\main\AndroidManifest.xml:17:9-35
28        android:appComponentFactory="androidx.core.app.CoreComponentFactory"
28-->[androidx.core:core:1.9.0] AndroidManifest.xml:28:18-86
29        android:dataExtractionRules="@xml/data_extraction_rules"
29-->src\main\AndroidManifest.xml:18:9-65
30        android:debuggable="true"
31        android:extractNativeLibs="false"
32        android:fullBackupContent="@xml/backup_rules"
32-->src\main\AndroidManifest.xml:19:9-54
33        android:icon="@mipmap/ic_launcher"
33-->src\main\AndroidManifest.xml:20:9-43
34        android:label="@string/app_name"
34-->src\main\AndroidManifest.xml:21:9-41
35        android:networkSecurityConfig="@xml/network_security_config"
35-->src\main\AndroidManifest.xml:22:9-69
36        android:requestLegacyExternalStorage="true"
36-->src\main\AndroidManifest.xml:23:9-52
37        android:supportsRtl="true"
37-->src\main\AndroidManifest.xml:24:9-35
38        android:testOnly="true"
39        android:theme="@style/Theme.SocialMediaApp" >
39-->src\main\AndroidManifest.xml:25:9-52
40        <activity
40-->src\main\AndroidManifest.xml:27:9-29:40
41            android:name="com.socialmediaapp.View.Activity.DetailsActivity"
41-->src\main\AndroidManifest.xml:28:13-58
42            android:exported="false" />
42-->src\main\AndroidManifest.xml:29:13-37
43        <activity
43-->src\main\AndroidManifest.xml:30:9-32:40
44            android:name="com.socialmediaapp.View.Activity.CommentActivity"
44-->src\main\AndroidManifest.xml:31:13-58
45            android:exported="false" />
45-->src\main\AndroidManifest.xml:32:13-37
46        <activity
46-->src\main\AndroidManifest.xml:33:9-35:40
47            android:name="com.socialmediaapp.View.Activity.ChatActivity"
47-->src\main\AndroidManifest.xml:34:13-55
48            android:exported="false" />
48-->src\main\AndroidManifest.xml:35:13-37
49        <activity
49-->src\main\AndroidManifest.xml:36:9-38:40
50            android:name="com.socialmediaapp.View.Activity.MainActivity"
50-->src\main\AndroidManifest.xml:37:13-55
51            android:exported="false" /> <!-- <activity -->
51-->src\main\AndroidManifest.xml:38:13-37
52        <activity
52-->src\main\AndroidManifest.xml:39:9-47:20
53            android:name="com.socialmediaapp.View.Activity.LoginActivity"
53-->src\main\AndroidManifest.xml:40:13-56
54            android:exported="true" >
54-->src\main\AndroidManifest.xml:41:13-36
55            <intent-filter>
55-->src\main\AndroidManifest.xml:42:13-46:29
56                <action android:name="android.intent.action.MAIN" />
56-->src\main\AndroidManifest.xml:43:17-69
56-->src\main\AndroidManifest.xml:43:25-66
57
58                <category android:name="android.intent.category.LAUNCHER" />
58-->src\main\AndroidManifest.xml:45:17-77
58-->src\main\AndroidManifest.xml:45:27-74
59            </intent-filter>
60        </activity>
61
62        <provider
62-->[androidx.emoji2:emoji2:1.2.0] AndroidManifest.xml:24:9-32:20
63            android:name="androidx.startup.InitializationProvider"
63-->[androidx.emoji2:emoji2:1.2.0] AndroidManifest.xml:25:13-67
64            android:authorities="com.socialmediaapp.androidx-startup"
64-->[androidx.emoji2:emoji2:1.2.0] AndroidManifest.xml:26:13-68
65            android:exported="false" >
65-->[androidx.emoji2:emoji2:1.2.0] AndroidManifest.xml:27:13-37
66            <meta-data
66-->[androidx.emoji2:emoji2:1.2.0] AndroidManifest.xml:29:13-31:52
67                android:name="androidx.emoji2.text.EmojiCompatInitializer"
67-->[androidx.emoji2:emoji2:1.2.0] AndroidManifest.xml:30:17-75
68                android:value="androidx.startup" />
68-->[androidx.emoji2:emoji2:1.2.0] AndroidManifest.xml:31:17-49
69            <meta-data
69-->[androidx.lifecycle:lifecycle-process:2.4.1] AndroidManifest.xml:31:13-33:52
70                android:name="androidx.lifecycle.ProcessLifecycleInitializer"
70-->[androidx.lifecycle:lifecycle-process:2.4.1] AndroidManifest.xml:32:17-78
71                android:value="androidx.startup" />
71-->[androidx.lifecycle:lifecycle-process:2.4.1] AndroidManifest.xml:33:17-49
72        </provider>
73    </application>
74
75</manifest>